<?xml version="1.0" encoding="UTF-8"?>
<testsuite xmlns:xsi="http://www.w3.org/2001/XMLSchema-instance" xsi:noNamespaceSchemaLocation="https://maven.apache.org/surefire/maven-surefire-plugin/xsd/surefire-test-report-3.0.xsd" version="3.0" name="com.thayhoang.quanly.khoa_reader.ReaderManagementIntegrationTest" time="0.304" tests="3" errors="0" skipped="0" failures="0">
  <properties>
[...]
</properties>
  <testcase name="tc13_createReaderWithValidFormPersistsAsActive" classname="com.thayhoang.quanly.khoa_reader.ReaderManagementIntegrationTest" time="0.08">
    <system-out><![CDATA[
==============================================================================
[PASS] TC13  |  Level: Integration Testing  |  Requirement: FR06 - Khoi tao moi ho so doc gia  |  Dataset: TD09
------------------------------------------------------------------------------
PRECONDITION : DB chua co readerId=R013 (Setup vua DELETE)
INPUT        : readerId=R013, fullName=Reader Create Valid, phone=0901000013, email=reader.create.valid@example.com, maxBorrow=5, status=ACTIVE; action=bam nut Them moi
EXPECTED     : Sau INSERT: SELECT R013 tra ve 1 row voi fullName='Reader Create Valid' va status=ACTIVE
ACTUAL       : INSERT thanh cong; SELECT R013 tra ve: Reader Create Valid, status=ACTIVE
------------------------------------------------------------------------------
DB BEFORE    : (not present)
DB AFTER     : id=R013 | name=Reader Create Valid | phone='0901000013' | email=reader.create.valid@example.com | max=5 | status=ACTIVE
==============================================================================

]]></system-out>
  </testcase>
  <testcase name="tc14_duplicateReaderIdCausesRejection" classname="com.thayhoang.quanly.khoa_reader.ReaderManagementIntegrationTest" time="0.008">
    <system-out><![CDATA[
==============================================================================
[PASS] TC14  |  Level: Integration Testing  |  Requirement: FR06 - Rang buoc khoa chinh ma doc gia  |  Dataset: TD10
------------------------------------------------------------------------------
PRECONDITION : DB da co reader RT14 (Reader Duplicate Target, vua upsert)
INPUT        : readerId=RT14 (TRUNG), fullName=Reader Duplicate Attempt, phone=0901999999, email=reader.duplicate.attempt@example.com; action=goi service.createReader(duplicate)
EXPECTED     : Service NEM BusinessRuleViolationException("Ma doc gia da ton tai"); row RT14 trong DB GIU NGUYEN 'Reader Duplicate Target', khong bi ghi de
ACTUAL       : Exception ne'm: Ma doc gia da ton tai; RT14 trong DB van la: Reader Duplicate Target
------------------------------------------------------------------------------
DB BEFORE    : id=RT14 | name=Reader Duplicate Target | phone='0901014014' | email=reader.duplicate.target@example.com | max=3 | status=ACTIVE
DB AFTER     : id=RT14 | name=Reader Duplicate Target | phone='0901014014' | email=reader.duplicate.target@example.com | max=3 | status=ACTIVE
==============================================================================

]]></system-out>
  </testcase>
  <testcase name="tc18_overdueReadersResolvedFromRealLoanData" classname="com.thayhoang.quanly.khoa_reader.ReaderManagementIntegrationTest" time="0.035">
    <system-out><![CDATA[
==============================================================================
[PASS / GAP] TC18  |  Level: Integration Testing  |  Requirement: FR08 - Truy van doc gia vi pham qua han  |  Dataset: TD12 (3 reader RT18A/B/C + 3 loan LT18A/B/C thuc te trong DB)
------------------------------------------------------------------------------
PRECONDITION : DB co 3 test reader (RT18A=Overdue, RT18B=OnTime, RT18C=Completed) va 3 loan LT18A/B/C vua upsert. Ngay tham chieu = 2026-05-23
INPUT        : readerRepository.findAll() + loanRepository.findByReaderId(...) cho moi reader; loc loan voi status != COMPLETED va dueDate < today
EXPECTED     : Danh sach overdue chua RT18A (loan LT18A dueDate=2026-05-08 < today), KHONG chua RT18B (con han) va RT18C (da COMPLETED)
ACTUAL       : Tim duoc 2 overdue reader(s); RT18A trong list = true; RT18B trong list = false; RT18C trong list = false
------------------------------------------------------------------------------
DB BEFORE    : LOANs vua setup: loan=LT18A | reader=RT18A | due=2026-05-08 | return=null | status=ACTIVE || loan=LT18B | reader=RT18B | due=2026-05-27 | return=null | status=ACTIVE || loan=LT18C | reader=RT18C | due=2026-04-08 | return=2026-04-15 | status=COMPLETED
DB AFTER     : LOANs sau test (khong doi vi chi query): loan=LT18A | reader=RT18A | due=2026-05-08 | return=null | status=ACTIVE || loan=LT18B | reader=RT18B | due=2026-05-27 | return=null | status=ACTIVE || loan=LT18C | reader=RT18C | due=2026-04-08 | return=2026-04-15 | status=COMPLETED
------------------------------------------------------------------------------
GAP / BUG    :
  [REPO METHOD + QUERY COUNT EVIDENCE]
    JdbcReaderRepository.getDeclaredMethods() : [update, count, save, findAll, bind, findById, findById, mapRow]
    methods_containing_'overdue'              : 0
    readers_iterated                          : 12
    findAll_calls                             : 1
    findByReaderId_calls                      : 12
    total_DB_round_trips                      : 13 (= 1 findAll + 12 findByReaderId)
  CONCLUSION:
    Khong co method 'overdue' chuyen biet trong JdbcReaderRepository => test phai gop tu 13 queries thay vi 1 SQL JOIN duy nhat. N+1 access pattern xuat hien khi so reader tang.
  FIX SUGGESTION:
    Bo sung `findOverdueReaders(LocalDate today)` voi 1 SQL JOIN truc tiep vao JdbcReaderRepository (READER JOIN LOAN WHERE due_date < ? AND status != 'COMPLETED').
  SEVERITY: MEDIUM (chuc nang chay duoc nhung khong toi uu)
==============================================================================

]]></system-out>
  </testcase>
</testsuite>