<?xml version="1.0" encoding="UTF-8"?>
<testsuite xmlns:xsi="http://www.w3.org/2001/XMLSchema-instance" xsi:noNamespaceSchemaLocation="https://maven.apache.org/surefire/maven-surefire-plugin/xsd/surefire-test-report-3.0.xsd" version="3.0" name="com.thayhoang.quanly.king_auth.AuthHistoryTest" time="3.709" tests="6" errors="0" skipped="0" failures="0">
  <properties>
[...]
</properties>
  <testcase name="tc02_blankCredentialsReachRepositoryAndReturnEmpty" classname="com.thayhoang.quanly.king_auth.AuthHistoryTest" time="0.005">
    <system-out><![CDATA[
==============================================================================
[PASS] TC02  |  Level: Unit  |  Requirement: FR01 - Kiem tra validation rong o form login  |  Dataset: TD01
------------------------------------------------------------------------------
PRECONDITION : LoginDialog dang hien thi voi 2 o trong
INPUT        : username='   ', password=''; action=login
EXPECTED     : Form phai chan submit truoc khi goi service (or service must block blank credentials)
ACTUAL       : AuthenticationServiceImpl now blocks blank credentials; session_present=false
==============================================================================

]]></system-out>
  </testcase>
  <testcase name="tc04_unknownUsernameReturnsEmptySession" classname="com.thayhoang.quanly.king_auth.AuthHistoryTest" time="0.018">
    <system-out><![CDATA[
==============================================================================
[PASS] TC04  |  Level: Integration  |  Requirement: FR01 - Dang nhap tai khoan khong ton tai  |  Dataset: TD03
------------------------------------------------------------------------------
PRECONDITION : DB khong co username=unknown_user
INPUT        : username=unknown_user, password=password123; action=login
EXPECTED     : Repository tra ve null/empty va UI bao that bai
ACTUAL       : session_present=false
==============================================================================

]]></system-out>
  </testcase>
  <testcase name="tc06_readerHistoryIsEmptyWhenNoLoansExist" classname="com.thayhoang.quanly.king_auth.AuthHistoryTest" time="0.025">
    <system-out><![CDATA[
==============================================================================
[PASS] TC06  |  Level: Integration  |  Requirement: FR02 - Doc gia chua co giao dich thi bang rong  |  Dataset: TD10
------------------------------------------------------------------------------
PRECONDITION : Doc gia RH06 ton tai nhung khong co loan nao
INPUT        : readerId=RH06; action=Tra cuu
EXPECTED     : JTable xoa het dong va hien trang thai trong
ACTUAL       : historySize=0
==============================================================================

]]></system-out>
  </testcase>
  <testcase name="tc03_wrongPasswordDoesNotClearFields" classname="com.thayhoang.quanly.king_auth.AuthHistoryTest" time="3.548">
    <system-out><![CDATA[
==============================================================================
[PASS] TC03  |  Level: System  |  Requirement: FR01 - Dang nhap sai mat khau  |  Dataset: TD02
------------------------------------------------------------------------------
PRECONDITION : LoginDialog dang mo tren may co GUI
INPUT        : username=admin, password=sai_mat_khau; action=click Dang nhap
EXPECTED     : WARNING_MESSAGE, giu nguyen gia tri o form va khong reset focus
ACTUAL       : serviceCalled=1, usernameAfter='admin', passwordAfter='wrong-password'
==============================================================================

]]></system-out>
  </testcase>
  <testcase name="tc05_readerHistoryLoadsJoinedLoanRecords" classname="com.thayhoang.quanly.king_auth.AuthHistoryTest" time="0.081">
    <system-out><![CDATA[
==============================================================================
[PASS] TC05  |  Level: Integration  |  Requirement: FR02 - Tra cuu lich su muon tra theo doc gia  |  Dataset: TD10
------------------------------------------------------------------------------
PRECONDITION : Doc gia RH05 co 1 loan va 1 loan_detail trong DB
INPUT        : readerId=RH05; action=Tra cuu
EXPECTED     : Bang lich su hien thi dong loan ket hop reader, librarian, detail, fine
ACTUAL       : historySize=1, firstLoan=LH05, finePresent=false
------------------------------------------------------------------------------
DB BEFORE    : id=RH05 | name=Reader History Valid | phone='0901050005' | email=reader.history.valid@example.com | max=5 | status=ACTIVE || loan=LH05 | reader=RH05 | librarian=LIB001 | loan_date=2026-05-01 | due=2026-05-08 | return=null | status=ACTIVE
DB AFTER     : id=RH05 | name=Reader History Valid | phone='0901050005' | email=reader.history.valid@example.com | max=5 | status=ACTIVE || loan=LH05 | reader=RH05 | librarian=LIB001 | loan_date=2026-05-01 | due=2026-05-08 | return=null | status=ACTIVE
==============================================================================

]]></system-out>
  </testcase>
  <testcase name="tc01_loginSuccessReturnsSeedAdminSession" classname="com.thayhoang.quanly.king_auth.AuthHistoryTest" time="0.004">
    <system-out><![CDATA[
==============================================================================
[PASS] TC01  |  Level: System / Unit  |  Requirement: FR01 - Xac thuc tai khoan thu thu  |  Dataset: TD01
------------------------------------------------------------------------------
PRECONDITION : DB co librarian seed username=admin, password=admin123
INPUT        : username=admin, password=admin123; action=login
EXPECTED     : Tra ve AuthenticatedSession va mo man hinh lam viec chinh
ACTUAL       : session_present=true, librarianId=LIB001
==============================================================================

]]></system-out>
  </testcase>
</testsuite>