<?xml version="1.0" encoding="UTF-8"?>
<testsuite xmlns:xsi="http://www.w3.org/2001/XMLSchema-instance" xsi:noNamespaceSchemaLocation="https://maven.apache.org/surefire/maven-surefire-plugin/xsd/surefire-test-report-3.0.xsd" version="3.0" name="com.thayhoang.quanly.khanh_book.BookCatalogTest" time="0.357" tests="6" errors="0" skipped="0" failures="0">
  <properties>
[...]
</properties>
  <testcase name="tc08_blankTitleIsRejected" classname="com.thayhoang.quanly.khanh_book.BookCatalogTest" time="0.106">
    <system-out><![CDATA[
==============================================================================
[PASS] TC08  |  Level: Unit  |  Requirement: FR03 - Kiem tra truong bat buoc  |  Dataset: TD06
------------------------------------------------------------------------------
PRECONDITION : Form danh muc sach dang mo
INPUT        : title=''; author='Pham Dinh Nam'; year=2024; quantity=5
EXPECTED     : Service phai chan submit vi thieu ten sach
ACTUAL       : exception=Thong tin sach khong hop le
==============================================================================

]]></system-out>
  </testcase>
  <testcase name="tc12_statusUpdateUsesInactiveInsteadOfDamaged" classname="com.thayhoang.quanly.khanh_book.BookCatalogTest" time="0.106">
    <system-out><![CDATA[
==============================================================================
[PASS / GAP] TC12  |  Level: Unit  |  Requirement: FR05 - Cap nhat trang thai sach  |  Dataset: TD07/TD08
------------------------------------------------------------------------------
PRECONDITION : Sach dang AVAILABLE
INPUT        : bookId=BK12, status=DAMAGED theo tai lieu; action=Luu
EXPECTED     : Enum/phuong an trang thai phai ho tro DAMAGED
ACTUAL       : codeSupportsDamaged=true, persistedRow=id=BK12 | title=Book Status Update | author=Pham Hung Thien | year=2022 | total=2 | available=2 | status=DAMAGED
------------------------------------------------------------------------------
GAP / BUG    :
  [ENUM / STATUS EVIDENCE]
    bookStatusValues : [AVAILABLE, INACTIVE, DAMAGED]
    statusUsedByCode : DAMAGED
    specRequired     : DAMAGED
  CONCLUSION:
    The code persists INACTIVE even though the BookStatus enum contains DAMAGED.
  FIX SUGGESTION:
    Ensure updateBook maps DAMAGED status to DB instead of INACTIVE if spec requires DAMAGED.
  SEVERITY: LOW (naming / domain mismatch)
==============================================================================

]]></system-out>
  </testcase>
  <testcase name="tc10_searchIsCaseInsensitive" classname="com.thayhoang.quanly.khanh_book.BookCatalogTest" time="0.033">
    <system-out><![CDATA[
==============================================================================
[PASS] TC10  |  Level: Integration  |  Requirement: FR04 - Tim kiem gan dung khong phan biet hoa thuong  |  Dataset: TD05
------------------------------------------------------------------------------
PRECONDITION : Seed co B001 = Lap Trinh Java Co Ban
INPUT        : keyword='lap trinh java'; action=Tim
EXPECTED     : Tra ve sach khop bat ke chu hoa/thuong
ACTUAL       : resultCount=1, containsB001=true
==============================================================================

]]></system-out>
  </testcase>
  <testcase name="tc11_searchByPrimaryKeyReturnsMatchingBook" classname="com.thayhoang.quanly.khanh_book.BookCatalogTest" time="0.016">
    <system-out><![CDATA[
==============================================================================
[PASS] TC11  |  Level: Integration  |  Requirement: FR04 - Tra cuu theo ma sach  |  Dataset: Seed B001
------------------------------------------------------------------------------
PRECONDITION : DB co B001 trong BOOK
INPUT        : bookId=B001; action=Tim
EXPECTED     : Tra ve dung 1 row B001
ACTUAL       : present=true, title=Lap Trinh Java Co Ban
==============================================================================

]]></system-out>
  </testcase>
  <testcase name="tc07_createValidBookPersistsAsAvailable" classname="com.thayhoang.quanly.khanh_book.BookCatalogTest" time="0.046">
    <system-out><![CDATA[
==============================================================================
[PASS] TC07  |  Level: Integration  |  Requirement: FR03 - Them moi thong tin sach  |  Dataset: TD05
------------------------------------------------------------------------------
PRECONDITION : DB chua co bookId=BK07
INPUT        : title='Book Create Valid', author='Van Duy Khanh', year=2023, quantity=15; action=Them moi
EXPECTED     : Row BOOK duoc INSERT va trang thai mac dinh AVAILABLE
ACTUAL       : savedBookId=BK07, db=id=BK07 | title=Book Create Valid | author=Van Duy Khanh | year=2023 | total=15 | available=15 | status=AVAILABLE
------------------------------------------------------------------------------
DB BEFORE    : 
DB AFTER     : id=BK07 | title=Book Create Valid | author=Van Duy Khanh | year=2023 | total=15 | available=15 | status=AVAILABLE
==============================================================================

]]></system-out>
  </testcase>
  <testcase name="tc09_futureYearIsCurrentlyAccepted" classname="com.thayhoang.quanly.khanh_book.BookCatalogTest" time="0.016">
    <system-out><![CDATA[
==============================================================================
[PASS] TC09  |  Level: Unit  |  Requirement: FR03 - Ràng buộc giá trị biên cho nam xuat ban / so luong  |  Dataset: TD07
------------------------------------------------------------------------------
PRECONDITION : DB chua co bookId=BK09
INPUT        : title='Book Future Year', author='Nguyen Duc Nghia', year=2029, quantity=4
EXPECTED     : Gia tri nam tuong lai phai bi chan
ACTUAL       : exception=Nam xuat ban khong hop le
==============================================================================

]]></system-out>
  </testcase>
</testsuite>