<?xml version="1.0" encoding="UTF-8"?>
<testsuite xmlns:xsi="http://www.w3.org/2001/XMLSchema-instance" xsi:noNamespaceSchemaLocation="https://maven.apache.org/surefire/maven-surefire-plugin/xsd/surefire-test-report-3.0.xsd" version="3.0" name="com.thayhoang.quanly.thien_circulation.CirculationTest" time="0.292" tests="6" errors="0" skipped="0" failures="0">
  <properties>
[...]
</properties>
  <testcase name="tc19_createLoanSetsDueDateAndDecrementsStock" classname="com.thayhoang.quanly.thien_circulation.CirculationTest" time="0.097">
    <system-out><![CDATA[
==============================================================================
[PASS] TC19  |  Level: Acceptance  |  Requirement: FR09 - Tao phieu muon moi, han 7 ngay  |  Dataset: TD15
------------------------------------------------------------------------------
PRECONDITION : Doc gia ACTIVE va sach con kha dung
INPUT        : readerId=CR19, bookId=CB19; action=Tao phieu muon
EXPECTED     : due_date = loan_date + 7 va quantity_available giam 1
ACTUAL       : loanId=LOAN-A3DD8563, due=2026-06-03, bookAvailableAfter=1
------------------------------------------------------------------------------
DB BEFORE    : id=CR19 | name=Circulation Reader Active | phone='0901090019' | email=circulation.reader.active@example.com | max=5 | status=ACTIVE || id=CB19 | title=Circulation Book Loan | author=Pham Hung Thien | year=2024 | total=2 | available=1 | status=AVAILABLE
DB AFTER     : id=CR19 | name=Circulation Reader Active | phone='0901090019' | email=circulation.reader.active@example.com | max=5 | status=ACTIVE || id=CB19 | title=Circulation Book Loan | author=Pham Hung Thien | year=2024 | total=2 | available=1 | status=AVAILABLE
==============================================================================

]]></system-out>
  </testcase>
  <testcase name="tc21_borrowingBeyondLimitIsRejected" classname="com.thayhoang.quanly.thien_circulation.CirculationTest" time="0.039">
    <system-out><![CDATA[
==============================================================================
[PASS] TC21  |  Level: Unit  |  Requirement: FR09 - Chan vuot ngưỡng maxBorrow  |  Dataset: TD14
------------------------------------------------------------------------------
PRECONDITION : Reader maxBorrow=1, da co 1 loan active
INPUT        : readerId=CR21, bookId=CB21B; action=Tao phieu muon
EXPECTED     : Exception: Doc gia da vuot gioi han muon sach
ACTUAL       : firstLoanId=LOAN-8EEBB2B8, exception=Doc gia da vuot gioi han muon sach
==============================================================================

]]></system-out>
  </testcase>
  <testcase name="tc20_lockedReaderIsRejectedFromBorrowing" classname="com.thayhoang.quanly.thien_circulation.CirculationTest" time="0.002">
    <system-out><![CDATA[
==============================================================================
[PASS] TC20  |  Level: Unit  |  Requirement: FR09 - Chan doc gia khong ACTIVE  |  Dataset: TD13
------------------------------------------------------------------------------
PRECONDITION : Reader status=LOCKED/INACTIVE
INPUT        : readerId=CR20, bookId=CB20; action=Tao phieu muon
EXPECTED     : BusinessRuleViolationException: Doc gia khong o trang thai hoat dong
ACTUAL       : exception=Doc gia khong o trang thai hoat dong
==============================================================================

]]></system-out>
  </testcase>
  <testcase name="tc22_returningBookCompletesLoanAndRestoresStock" classname="com.thayhoang.quanly.thien_circulation.CirculationTest" time="0.042">
    <system-out><![CDATA[
==============================================================================
[PASS] TC22  |  Level: Integration  |  Requirement: FR10 - Tra sach dung han va cap nhat kho  |  Dataset: TD15
------------------------------------------------------------------------------
PRECONDITION : Loan ACTIVE, sach dang cho muon
INPUT        : loanId=LOAN-35916E8A, bookId=CB22; action=Xu ly tra sach
EXPECTED     : Loan -> COMPLETED, book quantity_available +1
ACTUAL       : status=COMPLETED, bookAvailableAfter=1
==============================================================================

]]></system-out>
  </testcase>
  <testcase name="tc23_overdueReturnCreatesFine" classname="com.thayhoang.quanly.thien_circulation.CirculationTest" time="0.038">
    <system-out><![CDATA[
==============================================================================
[PASS] TC23  |  Level: Acceptance  |  Requirement: FR11 - Tinh phat tre han 5000/ngay  |  Dataset: TD15
------------------------------------------------------------------------------
PRECONDITION : Loan qua han 3 ngay
INPUT        : loanId=LOAN-2DDFD882, returnDate=2026-06-06; action=Xu ly tra sach
EXPECTED     : Tien phat = 3 * 5000 = 15000, status phat UNPAID
ACTUAL       : fineAmount=15000, fineStatus=UNPAID
==============================================================================

]]></system-out>
  </testcase>
  <testcase name="tc24_renewLoanExtendsDueDate" classname="com.thayhoang.quanly.thien_circulation.CirculationTest" time="0.046">
    <system-out><![CDATA[
==============================================================================
[PASS] TC24  |  Level: Unit  |  Requirement: FR12 - Gia han phieu muon hop le  |  Dataset: TD15
------------------------------------------------------------------------------
PRECONDITION : Loan ACTIVE, con sach dang muon
INPUT        : loanId=LOAN-8DDB3536, extraDays=7; action=Gia han
EXPECTED     : due_date.plusDays(7) va status van ACTIVE
ACTUAL       : renewedDueDate=2026-06-10, status=ACTIVE
==============================================================================

]]></system-out>
  </testcase>
</testsuite>